<?xml version="1.0" encoding="UTF-8" ?>
<testsuite failures="0" time="2.189" errors="0" skipped="0" tests="1" name="org.geopublishing.atlasStyler.swing.SelectPostgisLayerJDialogTest">
  <properties>
    <property name="java.runtime.name" value="Java(TM) SE Runtime Environment"/>
    <property name="sun.boot.library.path" value="/usr/lib/jvm/java-6-sun-1.6.0.24/jre/lib/amd64"/>
    <property name="java.vm.version" value="19.1-b02"/>
    <property name="java.vm.vendor" value="Sun Microsystems Inc."/>
    <property name="java.vendor.url" value="http://java.sun.com/"/>
    <property name="path.separator" value=":"/>
    <property name="java.vm.name" value="Java HotSpot(TM) 64-Bit Server VM"/>
    <property name="file.encoding.pkg" value="sun.io"/>
    <property name="user.country" value="DE"/>
    <property name="sun.java.launcher" value="SUN_STANDARD"/>
    <property name="sun.os.patch.level" value="unknown"/>
    <property name="java.vm.specification.name" value="Java Virtual Machine Specification"/>
    <property name="user.dir" value="/home/stefan/EigeneDateien/code.svn/atlas/trunk/asswinggui"/>
    <property name="java.runtime.version" value="1.6.0_24-b07"/>
    <property name="java.awt.graphicsenv" value="sun.awt.X11GraphicsEnvironment"/>
    <property name="basedir" value="/home/stefan/EigeneDateien/code.svn/atlas/trunk/asswinggui"/>
    <property name="java.endorsed.dirs" value="/usr/lib/jvm/java-6-sun-1.6.0.24/jre/lib/endorsed"/>
    <property name="os.arch" value="amd64"/>
    <property name="surefire.real.class.path" value="/tmp/surefirebooter2561895256586941997.jar"/>
    <property name="java.io.tmpdir" value="/tmp"/>
    <property name="line.separator" value="
"/>
    <property name="java.vm.specification.vendor" value="Sun Microsystems Inc."/>
    <property name="os.name" value="Linux"/>
    <property name="sun.jnu.encoding" value="UTF-8"/>
    <property name="java.library.path" value="/home/stefan/EigeneDateien/code.svn/atlas/trunk/asswinggui/target/natives"/>
    <property name="surefire.test.class.path" value="/home/stefan/EigeneDateien/code.svn/atlas/trunk/asswinggui/target/test-classes:/home/stefan/EigeneDateien/code.svn/atlas/trunk/asswinggui/target/classes:/home/stefan/.m2/repository/org/swinglabs/swingx/1.6.1/swingx-1.6.1.jar:/home/stefan/.m2/repository/com/jhlabs/filters/2.0.235/filters-2.0.235.jar:/home/stefan/.m2/repository/org/swinglabs/swing-worker/1.1/swing-worker-1.1.jar:/home/stefan/.m2/repository/org/geotools/gt-image/2.6.5/gt-image-2.6.5.jar:/home/stefan/.m2/repository/org/geotools/gt-main/2.6.5/gt-main-2.6.5.jar:/home/stefan/.m2/repository/org/geotools/gt-api/2.6.5/gt-api-2.6.5.jar:/home/stefan/.m2/repository/com/vividsolutions/jts/1.10/jts-1.10.jar:/home/stefan/.m2/repository/org/geotools/gt-referencing/2.6.5/gt-referencing-2.6.5.jar:/home/stefan/.m2/repository/java3d/vecmath/1.3.2/vecmath-1.3.2.jar:/home/stefan/.m2/repository/commons-pool/commons-pool/1.5.3/commons-pool-1.5.3.jar:/home/stefan/.m2/repository/org/geotools/gt-metadata/2.6.5/gt-metadata-2.6.5.jar:/home/stefan/.m2/repository/org/opengis/geoapi/2.3-M1/geoapi-2.3-M1.jar:/home/stefan/.m2/repository/net/java/dev/jsr-275/jsr-275/1.0-beta-2/jsr-275-1.0-beta-2.jar:/home/stefan/.m2/repository/org/opengis/geoapi-pending/2.3-M1/geoapi-pending-2.3-M1.jar:/home/stefan/.m2/repository/jdom/jdom/1.0/jdom-1.0.jar:/home/stefan/.m2/repository/commons-beanutils/commons-beanutils/1.7.0/commons-beanutils-1.7.0.jar:/home/stefan/.m2/repository/commons-logging/commons-logging/1.0.4/commons-logging-1.0.4.jar:/home/stefan/.m2/repository/org/geotools/gt-coverage/2.6.5/gt-coverage-2.6.5.jar:/home/stefan/.m2/repository/it/geosolutions/imageio-ext/imageio-ext-tiff/1.0.6-1/imageio-ext-tiff-1.0.6-1.jar:/home/stefan/.m2/repository/it/geosolutions/imageio-ext/imageio-ext-utilities/1.0.6-1/imageio-ext-utilities-1.0.6-1.jar:/home/stefan/.m2/repository/javax/media/jai_core/1.1.3/jai_core-1.1.3.jar:/home/stefan/.m2/repository/javax/media/jai_codec/1.1.3/jai_codec-1.1.3.jar:/home/stefan/.m2/repository/javax/media/jai_imageio/1.1/jai_imageio-1.1.jar:/home/stefan/.m2/repository/it/geosolutions/imageio-ext/imageio-ext-customstreams/1.0.6-1/imageio-ext-customstreams-1.0.6-1.jar:/home/stefan/EigeneDateien/code.svn/atlas/trunk/gpcore/target/gpcore-1.7-SNAPSHOT-tests.jar:/home/stefan/.m2/repository/de/schmitzm/schmitzm-jfree-gt/2.5-SNAPSHOT/schmitzm-jfree-gt-2.5-SNAPSHOT.jar:/home/stefan/.m2/repository/de/schmitzm/schmitzm-jfree/2.5-SNAPSHOT/schmitzm-jfree-2.5-SNAPSHOT.jar:/home/stefan/.m2/repository/de/schmitzm/schmitzm-core/2.5-SNAPSHOT/schmitzm-core-2.5-SNAPSHOT.jar:/home/stefan/.m2/repository/javax/jnlp/jnlp/1.6/jnlp-1.6.jar:/home/stefan/.m2/repository/javax/mail/mail/1.4.1/mail-1.4.1.jar:/home/stefan/.m2/repository/javax/activation/activation/1.1/activation-1.1.jar:/home/stefan/.m2/repository/commons-io/commons-io/1.4/commons-io-1.4.jar:/home/stefan/.m2/repository/com/miglayout/miglayout/3.7.4/miglayout-3.7.4-swing.jar:/home/stefan/.m2/repository/net/jini/jini-ext/2.1/jini-ext-2.1.jar:/home/stefan/.m2/repository/org/jdom/jdom/1.1/jdom-1.1.jar:/home/stefan/.m2/repository/commons-cli/commons-cli/1.2/commons-cli-1.2.jar:/home/stefan/.m2/repository/commons-lang/commons-lang/2.3/commons-lang-2.3.jar:/usr/lib/jvm/java-6-sun-1.6.0.24/jre/../lib/tools.jar:/home/stefan/.m2/repository/log4j/log4j/1.2.14/log4j-1.2.14.jar:/home/stefan/.m2/repository/jfree/jfreechart/1.0.13/jfreechart-1.0.13.jar:/home/stefan/.m2/repository/jfree/jcommon/1.0.15/jcommon-1.0.15.jar:/home/stefan/.m2/repository/de/schmitzm/schmitzm-gt/2.5-SNAPSHOT/schmitzm-gt-2.5-SNAPSHOT.jar:/home/stefan/.m2/repository/org/geotools/gt-render/2.6.5/gt-render-2.6.5.jar:/home/stefan/.m2/repository/org/geotools/gt-cql/2.6.5/gt-cql-2.6.5.jar:/home/stefan/.m2/repository/org/geotools/gt-epsg-hsql/2.6.5/gt-epsg-hsql-2.6.5.jar:/home/stefan/.m2/repository/hsqldb/hsqldb/1.8.0.7/hsqldb-1.8.0.7.jar:/home/stefan/.m2/repository/org/geotools/xsd/gt-xsd-sld/2.6.5/gt-xsd-sld-2.6.5.jar:/home/stefan/.m2/repository/org/geotools/xsd/gt-xsd-core/2.6.5/gt-xsd-core-2.6.5.jar:/home/stefan/.m2/repository/org/geotools/gt-graph/2.6.5/gt-graph-2.6.5.jar:/home/stefan/.m2/repository/picocontainer/picocontainer/1.2/picocontainer-1.2.jar:/home/stefan/.m2/repository/xml-apis/xml-apis/1.3.04/xml-apis-1.3.04.jar:/home/stefan/.m2/repository/xerces/xercesImpl/2.7.1/xercesImpl-2.7.1.jar:/home/stefan/.m2/repository/xml-apis/xml-apis-xerces/2.7.1/xml-apis-xerces-2.7.1.jar:/home/stefan/.m2/repository/commons-jxpath/commons-jxpath/1.2/commons-jxpath-1.2.jar:/home/stefan/.m2/repository/ant/ant-optional/1.5.1/ant-optional-1.5.1.jar:/home/stefan/.m2/repository/commons-collections/commons-collections/3.1/commons-collections-3.1.jar:/home/stefan/.m2/repository/org/eclipse/xsd/xsd/2.2.2/xsd-2.2.2.jar:/home/stefan/.m2/repository/org/eclipse/emf/common/2.2.1/common-2.2.1.jar:/home/stefan/.m2/repository/org/eclipse/emf/ecore/2.2.2/ecore-2.2.2.jar:/home/stefan/.m2/repository/org/geotools/xsd/gt-xsd-filter/2.6.5/gt-xsd-filter-2.6.5.jar:/home/stefan/.m2/repository/org/geotools/xsd/gt-xsd-gml2/2.6.5/gt-xsd-gml2-2.6.5.jar:/home/stefan/.m2/repository/org/geotools/xsd/gt-xsd-gml3/2.6.5/gt-xsd-gml3-2.6.5.jar:/home/stefan/.m2/repository/org/geotools/gt-shapefile-renderer/2.6.5/gt-shapefile-renderer-2.6.5.jar:/home/stefan/.m2/repository/org/geotools/gt-shapefile/2.6.5/gt-shapefile-2.6.5.jar:/home/stefan/.m2/repository/org/geotools/gt-brewer/2.6.5/gt-brewer-2.6.5.jar:/home/stefan/.m2/repository/org/geotools/gt-geotiff/2.6.5/gt-geotiff-2.6.5.jar:/home/stefan/.m2/repository/org/geotools/gt-wfs/2.6.5/gt-wfs-2.6.5.jar:/home/stefan/.m2/repository/org/geotools/gt-xml/2.6.5/gt-xml-2.6.5.jar:/home/stefan/.m2/repository/org/geotools/xsd/gt-xsd-wfs/2.6.5/gt-xsd-wfs-2.6.5.jar:/home/stefan/.m2/repository/org/geotools/ogc/net.opengis.wfs/2.6.5/net.opengis.wfs-2.6.5.jar:/home/stefan/.m2/repository/org/geotools/ogc/net.opengis.ows/2.6.5/net.opengis.ows-2.6.5.jar:/home/stefan/.m2/repository/org/geotools/ogc/org.w3.xlink/2.6.5/org.w3.xlink-2.6.5.jar:/home/stefan/.m2/repository/org/geotools/xsd/gt-xsd-ows/2.6.5/gt-xsd-ows-2.6.5.jar:/home/stefan/.m2/repository/xpp3/xpp3/1.1.3.4.O/xpp3-1.1.3.4.O.jar:/home/stefan/.m2/repository/commons-httpclient/commons-httpclient/3.1/commons-httpclient-3.1.jar:/home/stefan/.m2/repository/commons-codec/commons-codec/1.2/commons-codec-1.2.jar:/home/stefan/.m2/repository/org/geotools/gt-swing/2.6.5/gt-swing-2.6.5.jar:/home/stefan/.m2/repository/org/geotools/gt-wms/2.6.5/gt-wms-2.6.5.jar:/home/stefan/.m2/repository/org/geotools/jdbc/gt-jdbc-postgis/2.6.5/gt-jdbc-postgis-2.6.5.jar:/home/stefan/.m2/repository/postgresql/postgresql/8.4-701.jdbc3/postgresql-8.4-701.jdbc3.jar:/home/stefan/.m2/repository/org/geotools/gt-jdbc/2.6.5/gt-jdbc-2.6.5.jar:/home/stefan/.m2/repository/org/geotools/gt-data/2.6.5/gt-data-2.6.5.jar:/home/stefan/.m2/repository/commons-dbcp/commons-dbcp/1.2.2/commons-dbcp-1.2.2.jar:/home/stefan/.m2/repository/org/geotools/gt-arcgrid/2.6.5/gt-arcgrid-2.6.5.jar:/home/stefan/.m2/repository/it/geosolutions/imageio-ext/imageio-ext-arcgrid/1.0.6-1/imageio-ext-arcgrid-1.0.6-1.jar:/home/stefan/.m2/repository/colt/colt/1.2.0/colt-1.2.0.jar:/home/stefan/.m2/repository/concurrent/concurrent/1.3.4/concurrent-1.3.4.jar:/home/stefan/.m2/repository/org/geopublishing/gsrcj/0.5-SNAPSHOT/gsrcj-0.5-SNAPSHOT.jar:/home/stefan/.m2/repository/org/geopublishing/gpsync/1.0-SNAPSHOT/gpsync-1.0-SNAPSHOT.jar:/home/stefan/EigeneDateien/code.svn/atlas/trunk/gpnatives/target/gpnatives-1.7-SNAPSHOT.jar:/home/stefan/EigeneDateien/code.svn/atlas/trunk/ascore/target/ascore-1.7-SNAPSHOT.jar:/home/stefan/.m2/repository/org/geotools/gt-svg/2.6.5/gt-svg-2.6.5.jar:/home/stefan/.m2/repository/org/apache/xmlgraphics/batik-transcoder/1.7/batik-transcoder-1.7.jar:/home/stefan/.m2/repository/org/apache/xmlgraphics/fop/0.94/fop-0.94.jar:/home/stefan/.m2/repository/org/apache/xmlgraphics/xmlgraphics-commons/1.2/xmlgraphics-commons-1.2.jar:/home/stefan/.m2/repository/org/apache/avalon/framework/avalon-framework-api/4.3.1/avalon-framework-api-4.3.1.jar:/home/stefan/.m2/repository/org/apache/avalon/framework/avalon-framework-impl/4.3.1/avalon-framework-impl-4.3.1.jar:/home/stefan/.m2/repository/org/apache/xmlgraphics/batik-awt-util/1.7/batik-awt-util-1.7.jar:/home/stefan/.m2/repository/org/apache/xmlgraphics/batik-util/1.7/batik-util-1.7.jar:/home/stefan/.m2/repository/org/apache/xmlgraphics/batik-bridge/1.7/batik-bridge-1.7.jar:/home/stefan/.m2/repository/org/apache/xmlgraphics/batik-anim/1.7/batik-anim-1.7.jar:/home/stefan/.m2/repository/org/apache/xmlgraphics/batik-dom/1.7/batik-dom-1.7.jar:/home/stefan/.m2/repository/org/apache/xmlgraphics/batik-css/1.7/batik-css-1.7.jar:/home/stefan/.m2/repository/org/apache/xmlgraphics/batik-ext/1.7/batik-ext-1.7.jar:/home/stefan/.m2/repository/xml-apis/xml-apis-ext/1.3.04/xml-apis-ext-1.3.04.jar:/home/stefan/.m2/repository/org/apache/xmlgraphics/batik-xml/1.7/batik-xml-1.7.jar:/home/stefan/.m2/repository/xalan/xalan/2.6.0/xalan-2.6.0.jar:/home/stefan/.m2/repository/org/apache/xmlgraphics/batik-parser/1.7/batik-parser-1.7.jar:/home/stefan/.m2/repository/org/apache/xmlgraphics/batik-svg-dom/1.7/batik-svg-dom-1.7.jar:/home/stefan/.m2/repository/org/apache/xmlgraphics/batik-gvt/1.7/batik-gvt-1.7.jar:/home/stefan/.m2/repository/org/apache/xmlgraphics/batik-script/1.7/batik-script-1.7.jar:/home/stefan/.m2/repository/org/apache/xmlgraphics/batik-svggen/1.7/batik-svggen-1.7.jar:/home/stefan/.m2/repository/chrriis/dj/DJNativeSwing/0.9.8/DJNativeSwing-0.9.8.jar:/home/stefan/.m2/repository/com/sun/jna/jna/3.0.9/jna-3.0.9.jar:/home/stefan/.m2/repository/com/sun/jna_WindowUtils/1.0/jna_WindowUtils-1.0.jar:/home/stefan/.m2/repository/chrriis/dj/DJNativeSwing-SWT/0.9.8/DJNativeSwing-SWT-0.9.8.jar:/home/stefan/.m2/repository/org/eclipse/swt/swt-gtk-linux/3.6/swt-gtk-linux-3.6-x86_64.jar:/home/stefan/EigeneDateien/code.svn/atlas/trunk/ascore/target/ascore-1.7-SNAPSHOT-tests.jar:/home/stefan/.m2/repository/de/schmitzm/schmitzm-gt/2.5-SNAPSHOT/schmitzm-gt-2.5-SNAPSHOT-tests.jar:/home/stefan/.m2/repository/de/schmitzm/schmitzm-core/2.5-SNAPSHOT/schmitzm-core-2.5-SNAPSHOT-tests.jar:/home/stefan/EigeneDateien/code.svn/atlas/trunk/gpcore/target/gpcore-1.7-SNAPSHOT.jar:/home/stefan/.m2/repository/junit/junit/4.8.1/junit-4.8.1.jar:/home/stefan/.m2/repository/net/java/wizard/wizard/0.998.2/wizard-0.998.2.jar:/home/stefan/.m2/repository/ant/ant-nodeps/1.6.5/ant-nodeps-1.6.5.jar:/home/stefan/.m2/repository/ant-contrib/ant-contrib/1.0b3/ant-contrib-1.0b3.jar:/home/stefan/.m2/repository/ant/ant/1.5/ant-1.5.jar:"/>
    <property name="java.specification.name" value="Java Platform API Specification"/>
    <property name="java.class.version" value="50.0"/>
    <property name="sun.management.compiler" value="HotSpot 64-Bit Server Compiler"/>
    <property name="os.version" value="2.6.35-27-generic"/>
    <property name="user.home" value="/home/stefan"/>
    <property name="user.timezone" value="Europe/Berlin"/>
    <property name="java.awt.printerjob" value="sun.print.PSPrinterJob"/>
    <property name="file.encoding" value="UTF-8"/>
    <property name="java.specification.version" value="1.6"/>
    <property name="user.name" value="stefan"/>
    <property name="java.class.path" value="/home/stefan/EigeneDateien/code.svn/atlas/trunk/asswinggui/target/test-classes:/home/stefan/EigeneDateien/code.svn/atlas/trunk/asswinggui/target/classes:/home/stefan/.m2/repository/org/swinglabs/swingx/1.6.1/swingx-1.6.1.jar:/home/stefan/.m2/repository/com/jhlabs/filters/2.0.235/filters-2.0.235.jar:/home/stefan/.m2/repository/org/swinglabs/swing-worker/1.1/swing-worker-1.1.jar:/home/stefan/.m2/repository/org/geotools/gt-image/2.6.5/gt-image-2.6.5.jar:/home/stefan/.m2/repository/org/geotools/gt-main/2.6.5/gt-main-2.6.5.jar:/home/stefan/.m2/repository/org/geotools/gt-api/2.6.5/gt-api-2.6.5.jar:/home/stefan/.m2/repository/com/vividsolutions/jts/1.10/jts-1.10.jar:/home/stefan/.m2/repository/org/geotools/gt-referencing/2.6.5/gt-referencing-2.6.5.jar:/home/stefan/.m2/repository/java3d/vecmath/1.3.2/vecmath-1.3.2.jar:/home/stefan/.m2/repository/commons-pool/commons-pool/1.5.3/commons-pool-1.5.3.jar:/home/stefan/.m2/repository/org/geotools/gt-metadata/2.6.5/gt-metadata-2.6.5.jar:/home/stefan/.m2/repository/org/opengis/geoapi/2.3-M1/geoapi-2.3-M1.jar:/home/stefan/.m2/repository/net/java/dev/jsr-275/jsr-275/1.0-beta-2/jsr-275-1.0-beta-2.jar:/home/stefan/.m2/repository/org/opengis/geoapi-pending/2.3-M1/geoapi-pending-2.3-M1.jar:/home/stefan/.m2/repository/jdom/jdom/1.0/jdom-1.0.jar:/home/stefan/.m2/repository/commons-beanutils/commons-beanutils/1.7.0/commons-beanutils-1.7.0.jar:/home/stefan/.m2/repository/commons-logging/commons-logging/1.0.4/commons-logging-1.0.4.jar:/home/stefan/.m2/repository/org/geotools/gt-coverage/2.6.5/gt-coverage-2.6.5.jar:/home/stefan/.m2/repository/it/geosolutions/imageio-ext/imageio-ext-tiff/1.0.6-1/imageio-ext-tiff-1.0.6-1.jar:/home/stefan/.m2/repository/it/geosolutions/imageio-ext/imageio-ext-utilities/1.0.6-1/imageio-ext-utilities-1.0.6-1.jar:/home/stefan/.m2/repository/javax/media/jai_core/1.1.3/jai_core-1.1.3.jar:/home/stefan/.m2/repository/javax/media/jai_codec/1.1.3/jai_codec-1.1.3.jar:/home/stefan/.m2/repository/javax/media/jai_imageio/1.1/jai_imageio-1.1.jar:/home/stefan/.m2/repository/it/geosolutions/imageio-ext/imageio-ext-customstreams/1.0.6-1/imageio-ext-customstreams-1.0.6-1.jar:/home/stefan/EigeneDateien/code.svn/atlas/trunk/gpcore/target/gpcore-1.7-SNAPSHOT-tests.jar:/home/stefan/.m2/repository/de/schmitzm/schmitzm-jfree-gt/2.5-SNAPSHOT/schmitzm-jfree-gt-2.5-SNAPSHOT.jar:/home/stefan/.m2/repository/de/schmitzm/schmitzm-jfree/2.5-SNAPSHOT/schmitzm-jfree-2.5-SNAPSHOT.jar:/home/stefan/.m2/repository/de/schmitzm/schmitzm-core/2.5-SNAPSHOT/schmitzm-core-2.5-SNAPSHOT.jar:/home/stefan/.m2/repository/javax/jnlp/jnlp/1.6/jnlp-1.6.jar:/home/stefan/.m2/repository/javax/mail/mail/1.4.1/mail-1.4.1.jar:/home/stefan/.m2/repository/javax/activation/activation/1.1/activation-1.1.jar:/home/stefan/.m2/repository/commons-io/commons-io/1.4/commons-io-1.4.jar:/home/stefan/.m2/repository/com/miglayout/miglayout/3.7.4/miglayout-3.7.4-swing.jar:/home/stefan/.m2/repository/net/jini/jini-ext/2.1/jini-ext-2.1.jar:/home/stefan/.m2/repository/org/jdom/jdom/1.1/jdom-1.1.jar:/home/stefan/.m2/repository/commons-cli/commons-cli/1.2/commons-cli-1.2.jar:/home/stefan/.m2/repository/commons-lang/commons-lang/2.3/commons-lang-2.3.jar:/usr/lib/jvm/java-6-sun-1.6.0.24/jre/../lib/tools.jar:/home/stefan/.m2/repository/log4j/log4j/1.2.14/log4j-1.2.14.jar:/home/stefan/.m2/repository/jfree/jfreechart/1.0.13/jfreechart-1.0.13.jar:/home/stefan/.m2/repository/jfree/jcommon/1.0.15/jcommon-1.0.15.jar:/home/stefan/.m2/repository/de/schmitzm/schmitzm-gt/2.5-SNAPSHOT/schmitzm-gt-2.5-SNAPSHOT.jar:/home/stefan/.m2/repository/org/geotools/gt-render/2.6.5/gt-render-2.6.5.jar:/home/stefan/.m2/repository/org/geotools/gt-cql/2.6.5/gt-cql-2.6.5.jar:/home/stefan/.m2/repository/org/geotools/gt-epsg-hsql/2.6.5/gt-epsg-hsql-2.6.5.jar:/home/stefan/.m2/repository/hsqldb/hsqldb/1.8.0.7/hsqldb-1.8.0.7.jar:/home/stefan/.m2/repository/org/geotools/xsd/gt-xsd-sld/2.6.5/gt-xsd-sld-2.6.5.jar:/home/stefan/.m2/repository/org/geotools/xsd/gt-xsd-core/2.6.5/gt-xsd-core-2.6.5.jar:/home/stefan/.m2/repository/org/geotools/gt-graph/2.6.5/gt-graph-2.6.5.jar:/home/stefan/.m2/repository/picocontainer/picocontainer/1.2/picocontainer-1.2.jar:/home/stefan/.m2/repository/xml-apis/xml-apis/1.3.04/xml-apis-1.3.04.jar:/home/stefan/.m2/repository/xerces/xercesImpl/2.7.1/xercesImpl-2.7.1.jar:/home/stefan/.m2/repository/xml-apis/xml-apis-xerces/2.7.1/xml-apis-xerces-2.7.1.jar:/home/stefan/.m2/repository/commons-jxpath/commons-jxpath/1.2/commons-jxpath-1.2.jar:/home/stefan/.m2/repository/ant/ant-optional/1.5.1/ant-optional-1.5.1.jar:/home/stefan/.m2/repository/commons-collections/commons-collections/3.1/commons-collections-3.1.jar:/home/stefan/.m2/repository/org/eclipse/xsd/xsd/2.2.2/xsd-2.2.2.jar:/home/stefan/.m2/repository/org/eclipse/emf/common/2.2.1/common-2.2.1.jar:/home/stefan/.m2/repository/org/eclipse/emf/ecore/2.2.2/ecore-2.2.2.jar:/home/stefan/.m2/repository/org/geotools/xsd/gt-xsd-filter/2.6.5/gt-xsd-filter-2.6.5.jar:/home/stefan/.m2/repository/org/geotools/xsd/gt-xsd-gml2/2.6.5/gt-xsd-gml2-2.6.5.jar:/home/stefan/.m2/repository/org/geotools/xsd/gt-xsd-gml3/2.6.5/gt-xsd-gml3-2.6.5.jar:/home/stefan/.m2/repository/org/geotools/gt-shapefile-renderer/2.6.5/gt-shapefile-renderer-2.6.5.jar:/home/stefan/.m2/repository/org/geotools/gt-shapefile/2.6.5/gt-shapefile-2.6.5.jar:/home/stefan/.m2/repository/org/geotools/gt-brewer/2.6.5/gt-brewer-2.6.5.jar:/home/stefan/.m2/repository/org/geotools/gt-geotiff/2.6.5/gt-geotiff-2.6.5.jar:/home/stefan/.m2/repository/org/geotools/gt-wfs/2.6.5/gt-wfs-2.6.5.jar:/home/stefan/.m2/repository/org/geotools/gt-xml/2.6.5/gt-xml-2.6.5.jar:/home/stefan/.m2/repository/org/geotools/xsd/gt-xsd-wfs/2.6.5/gt-xsd-wfs-2.6.5.jar:/home/stefan/.m2/repository/org/geotools/ogc/net.opengis.wfs/2.6.5/net.opengis.wfs-2.6.5.jar:/home/stefan/.m2/repository/org/geotools/ogc/net.opengis.ows/2.6.5/net.opengis.ows-2.6.5.jar:/home/stefan/.m2/repository/org/geotools/ogc/org.w3.xlink/2.6.5/org.w3.xlink-2.6.5.jar:/home/stefan/.m2/repository/org/geotools/xsd/gt-xsd-ows/2.6.5/gt-xsd-ows-2.6.5.jar:/home/stefan/.m2/repository/xpp3/xpp3/1.1.3.4.O/xpp3-1.1.3.4.O.jar:/home/stefan/.m2/repository/commons-httpclient/commons-httpclient/3.1/commons-httpclient-3.1.jar:/home/stefan/.m2/repository/commons-codec/commons-codec/1.2/commons-codec-1.2.jar:/home/stefan/.m2/repository/org/geotools/gt-swing/2.6.5/gt-swing-2.6.5.jar:/home/stefan/.m2/repository/org/geotools/gt-wms/2.6.5/gt-wms-2.6.5.jar:/home/stefan/.m2/repository/org/geotools/jdbc/gt-jdbc-postgis/2.6.5/gt-jdbc-postgis-2.6.5.jar:/home/stefan/.m2/repository/postgresql/postgresql/8.4-701.jdbc3/postgresql-8.4-701.jdbc3.jar:/home/stefan/.m2/repository/org/geotools/gt-jdbc/2.6.5/gt-jdbc-2.6.5.jar:/home/stefan/.m2/repository/org/geotools/gt-data/2.6.5/gt-data-2.6.5.jar:/home/stefan/.m2/repository/commons-dbcp/commons-dbcp/1.2.2/commons-dbcp-1.2.2.jar:/home/stefan/.m2/repository/org/geotools/gt-arcgrid/2.6.5/gt-arcgrid-2.6.5.jar:/home/stefan/.m2/repository/it/geosolutions/imageio-ext/imageio-ext-arcgrid/1.0.6-1/imageio-ext-arcgrid-1.0.6-1.jar:/home/stefan/.m2/repository/colt/colt/1.2.0/colt-1.2.0.jar:/home/stefan/.m2/repository/concurrent/concurrent/1.3.4/concurrent-1.3.4.jar:/home/stefan/.m2/repository/org/geopublishing/gsrcj/0.5-SNAPSHOT/gsrcj-0.5-SNAPSHOT.jar:/home/stefan/.m2/repository/org/geopublishing/gpsync/1.0-SNAPSHOT/gpsync-1.0-SNAPSHOT.jar:/home/stefan/EigeneDateien/code.svn/atlas/trunk/gpnatives/target/gpnatives-1.7-SNAPSHOT.jar:/home/stefan/EigeneDateien/code.svn/atlas/trunk/ascore/target/ascore-1.7-SNAPSHOT.jar:/home/stefan/.m2/repository/org/geotools/gt-svg/2.6.5/gt-svg-2.6.5.jar:/home/stefan/.m2/repository/org/apache/xmlgraphics/batik-transcoder/1.7/batik-transcoder-1.7.jar:/home/stefan/.m2/repository/org/apache/xmlgraphics/fop/0.94/fop-0.94.jar:/home/stefan/.m2/repository/org/apache/xmlgraphics/xmlgraphics-commons/1.2/xmlgraphics-commons-1.2.jar:/home/stefan/.m2/repository/org/apache/avalon/framework/avalon-framework-api/4.3.1/avalon-framework-api-4.3.1.jar:/home/stefan/.m2/repository/org/apache/avalon/framework/avalon-framework-impl/4.3.1/avalon-framework-impl-4.3.1.jar:/home/stefan/.m2/repository/org/apache/xmlgraphics/batik-awt-util/1.7/batik-awt-util-1.7.jar:/home/stefan/.m2/repository/org/apache/xmlgraphics/batik-util/1.7/batik-util-1.7.jar:/home/stefan/.m2/repository/org/apache/xmlgraphics/batik-bridge/1.7/batik-bridge-1.7.jar:/home/stefan/.m2/repository/org/apache/xmlgraphics/batik-anim/1.7/batik-anim-1.7.jar:/home/stefan/.m2/repository/org/apache/xmlgraphics/batik-dom/1.7/batik-dom-1.7.jar:/home/stefan/.m2/repository/org/apache/xmlgraphics/batik-css/1.7/batik-css-1.7.jar:/home/stefan/.m2/repository/org/apache/xmlgraphics/batik-ext/1.7/batik-ext-1.7.jar:/home/stefan/.m2/repository/xml-apis/xml-apis-ext/1.3.04/xml-apis-ext-1.3.04.jar:/home/stefan/.m2/repository/org/apache/xmlgraphics/batik-xml/1.7/batik-xml-1.7.jar:/home/stefan/.m2/repository/xalan/xalan/2.6.0/xalan-2.6.0.jar:/home/stefan/.m2/repository/org/apache/xmlgraphics/batik-parser/1.7/batik-parser-1.7.jar:/home/stefan/.m2/repository/org/apache/xmlgraphics/batik-svg-dom/1.7/batik-svg-dom-1.7.jar:/home/stefan/.m2/repository/org/apache/xmlgraphics/batik-gvt/1.7/batik-gvt-1.7.jar:/home/stefan/.m2/repository/org/apache/xmlgraphics/batik-script/1.7/batik-script-1.7.jar:/home/stefan/.m2/repository/org/apache/xmlgraphics/batik-svggen/1.7/batik-svggen-1.7.jar:/home/stefan/.m2/repository/chrriis/dj/DJNativeSwing/0.9.8/DJNativeSwing-0.9.8.jar:/home/stefan/.m2/repository/com/sun/jna/jna/3.0.9/jna-3.0.9.jar:/home/stefan/.m2/repository/com/sun/jna_WindowUtils/1.0/jna_WindowUtils-1.0.jar:/home/stefan/.m2/repository/chrriis/dj/DJNativeSwing-SWT/0.9.8/DJNativeSwing-SWT-0.9.8.jar:/home/stefan/.m2/repository/org/eclipse/swt/swt-gtk-linux/3.6/swt-gtk-linux-3.6-x86_64.jar:/home/stefan/EigeneDateien/code.svn/atlas/trunk/ascore/target/ascore-1.7-SNAPSHOT-tests.jar:/home/stefan/.m2/repository/de/schmitzm/schmitzm-gt/2.5-SNAPSHOT/schmitzm-gt-2.5-SNAPSHOT-tests.jar:/home/stefan/.m2/repository/de/schmitzm/schmitzm-core/2.5-SNAPSHOT/schmitzm-core-2.5-SNAPSHOT-tests.jar:/home/stefan/EigeneDateien/code.svn/atlas/trunk/gpcore/target/gpcore-1.7-SNAPSHOT.jar:/home/stefan/.m2/repository/junit/junit/4.8.1/junit-4.8.1.jar:/home/stefan/.m2/repository/net/java/wizard/wizard/0.998.2/wizard-0.998.2.jar:/home/stefan/.m2/repository/ant/ant-nodeps/1.6.5/ant-nodeps-1.6.5.jar:/home/stefan/.m2/repository/ant-contrib/ant-contrib/1.0b3/ant-contrib-1.0b3.jar:/home/stefan/.m2/repository/ant/ant/1.5/ant-1.5.jar:"/>
    <property name="java.vm.specification.version" value="1.0"/>
    <property name="sun.arch.data.model" value="64"/>
    <property name="java.home" value="/usr/lib/jvm/java-6-sun-1.6.0.24/jre"/>
    <property name="java.specification.vendor" value="Sun Microsystems Inc."/>
    <property name="user.language" value="de"/>
    <property name="java.vm.info" value="mixed mode"/>
    <property name="java.version" value="1.6.0_24"/>
    <property name="java.ext.dirs" value="/usr/lib/jvm/java-6-sun-1.6.0.24/jre/lib/ext:/usr/java/packages/lib/ext"/>
    <property name="sun.boot.class.path" value="/usr/lib/jvm/java-6-sun-1.6.0.24/jre/lib/resources.jar:/usr/lib/jvm/java-6-sun-1.6.0.24/jre/lib/rt.jar:/usr/lib/jvm/java-6-sun-1.6.0.24/jre/lib/sunrsasign.jar:/usr/lib/jvm/java-6-sun-1.6.0.24/jre/lib/jsse.jar:/usr/lib/jvm/java-6-sun-1.6.0.24/jre/lib/jce.jar:/usr/lib/jvm/java-6-sun-1.6.0.24/jre/lib/charsets.jar:/usr/lib/jvm/java-6-sun-1.6.0.24/jre/lib/modules/jdk.boot.jar:/usr/lib/jvm/java-6-sun-1.6.0.24/jre/classes"/>
    <property name="java.vendor" value="Sun Microsystems Inc."/>
    <property name="localRepository" value="/home/stefan/.m2/repository"/>
    <property name="file.separator" value="/"/>
    <property name="java.vendor.url.bug" value="http://java.sun.com/cgi-bin/bugreport.cgi"/>
    <property name="sun.cpu.endian" value="little"/>
    <property name="sun.io.unicode.encoding" value="UnicodeLittle"/>
    <property name="sun.desktop" value="gnome"/>
    <property name="sun.cpu.isalist" value=""/>
  </properties>
  <testcase time="2.188" classname="org.geopublishing.atlasStyler.swing.SelectPostgisLayerJDialogTest" name="testGui"/>
</testsuite>